### ISSUE TITLE
Smartdns仍然有core的问题，附上gdb bt和AI分析

### ISSUE THREAD

**Issue by GreatMichaelLee** [pymumu/smartdns#2341]
<img width="3322" height="1836" alt="Image" src="https://github.com/user-attachments/assets/578e6e56-4b59-463f-910a-07b26adb80f8" />

详情见附件PDF

[smartdns_crash_analysis.pdf](https://github.com/user-attachments/files/28148527/smartdns_crash_analysis.pdf)

**Comment by Aukansh** [comment]
你确定这不是在退出的时候发生的吗？是不是一下高并发疯狂打开网页然后迅速退出关闭smartdns？

**Comment by GreatMichaelLee** [comment]
> 你确定这不是在退出的时候发生的吗？是不是一下高并发疯狂打开网页然后迅速退出关闭smartdns？

听不懂啊，这是软路由上的core，跟用户什么behavior有啥关系？退一万步讲，就算是你说的这个场景，也不应该有core。我查了，两个core,不是连续的。

<img width="1500" height="86" alt="Image" src="https://github.com/user-attachments/assets/b5e460f2-f891-42fd-9773-ead2936889c2" />

**Comment by pymumu** [comment]
用最新代码编译看看

**Comment by GreatMichaelLee** [comment]
> 用最新代码编译看看

多谢，我测测试试

**Comment by GreatMichaelLee** [comment]
试了，运行时没见崩了，4点有个定时重启任务，推出的时候崩了，应该是释放hash链表的时候踩到野指针了。看下dns_cache.c的376行附近的lock 的情况

```
GNU gdb (GDB) 16.2
Copyright (C) 2024 Free Software Foundation, Inc.
License GPLv3+: GNU GPL version 3 or later <http://gnu.org/licenses/gpl.html>
This is free software: you are free to change and redistribute it.
There is NO WARRANTY, to the extent permitted by law.
Type "show copying" and "show warranty" for details.
This GDB was configured as "x86_64-openwrt-linux".
Type "show configuration" for configuration details.
For bug reporting instructions, please see:
<https://www.gnu.org/software/gdb/bugs/>.
Find the GDB manual and other documentation resources online at:
    <http://www.gnu.org/software/gdb/documentation/>.

For help, type "help".
Type "apropos word" to search for commands related to "word"...
Reading symbols from /usr/sbin/smartdns...
[New LWP 13208]
[New LWP 13255]
[New LWP 13249]
[New LWP 13260]
[New LWP 13248]
[New LWP 13256]
[New LWP 13259]
[New LWP 13257]
[New LWP 13258]
Core was generated by `/usr/sbin/smartdns -f -c /var/etc/smartdns/smartdns.conf -S'.
Program terminated with signal SIGSEGV, Segmentation fault.
#0  0x0000000000452a36 in _dns_cache_remove_by_domain (cache_key=cache_key@entry=0x7ffd57bbd820) at dns_cache.c:376

warning: 376    dns_cache.c: No such file or directory
[Current thread is 1 (LWP 13208)]
(gdb) bt
#0  0x0000000000452a36 in _dns_cache_remove_by_domain (cache_key=cache_key@entry=0x7ffd57bbd820) at dns_cache.c:376
#1  0x0000000000452b44 in _dns_cache_insert (info=info@entry=0x7ffd57bbd890, cache_data=cache_data@entry=0x7f96e592f4b0,
    head=head@entry=0x5d4070 <dns_cache_head+16>, timeout=timeout@entry=1860) at dns_cache.c:418
#2  0x0000000000453157 in dns_cache_insert (cache_key=cache_key@entry=0x7ffd57bbda30, rcode=0, ttl=ttl@entry=60, speed=speed@entry=-1,
    timeout=1860, cache_data=cache_data@entry=0x7f96e592f4b0) at dns_cache.c:513
#3  0x0000000000464770 in _dns_server_request_update_cache (request=request@entry=0x7f96e5bf0050, speed=-1, qtype=DNS_T_A,
    cache_data=0x7f96e592f4b0, cache_ttl=<optimized out>) at dns_server/cache.c:167
#4  0x0000000000468abe in _dns_cache_reply_packet (context=context@entry=0x7ffd57bbdc10) at dns_server/context.c:1028
#5  0x0000000000468d22 in _dns_request_post (context=context@entry=0x7ffd57bbdc10) at dns_server/context.c:801
#6  0x0000000000431725 in _dns_server_complete_with_multi_ipaddress (request=request@entry=0x7f96e5bf0050) at dns_server/request.c:208
#7  0x0000000000431a2e in _dns_server_request_release_complete (request=request@entry=0x7f96e5bf0050, do_complete=do_complete@entry=1)
    at dns_server/request.c:239
#8  0x00000000004318b3 in _dns_server_request_release (request=request@entry=0x7f96e5bf0050) at dns_server/request.c:277
#9  0x0000000000431fbe in _dns_server_query_end (request=request@entry=0x7f96e5bf0050) at dns_server/request.c:551
#10 0x000000000042d083 in dns_server_resolve_callback (domain=0x7f96e59c82e8 "g.whatsapp.net", rtype=DNS_QUERY_END, server_info=0x0,
    packet=0x0, inpacket=0x0, inpacket_len=0, user_ptr=0x7f96e5bf0050) at dns_server/dns_server.c:196
#11 0x0000000000420282 in _dns_client_query_release (query=query@entry=0x7f96e59c82b0) at dns_client/query.c:52
#12 0x000000000042049d in _dns_client_query_remove (query=0x7f96e59c82b0) at dns_client/query.c:89
#13 0x000000000042053d in _dns_client_query_remove_all () at dns_client/query.c:108
#14 0x000000000041e1cb in dns_client_exit () at dns_client/dns_client.c:779
#15 0x000000000041637b in _smartdns_exit () at smartdns.c:720
#16 0x0000000000416bdf in smartdns_main (argc=<optimized out>, argv=0x7ffd57bc7148) at smartdns.c:1299
#17 0x000000000041409e in main (argc=<optimized out>, argv=<optimized out>) at main.c:26
(gdb)
#0  0x0000000000452a36 in _dns_cache_remove_by_domain (cache_key=cache_key@entry=0x7ffd57bbd820) at dns_cache.c:376
#1  0x0000000000452b44 in _dns_cache_insert (info=info@entry=0x7ffd57bbd890, cache_data=cache_data@entry=0x7f96e592f4b0,
    head=head@entry=0x5d4070 <dns_cache_head+16>, timeout=timeout@entry=1860) at dns_cache.c:418
#2  0x0000000000453157 in dns_cache_insert (cache_key=cache_key@entry=0x7ffd57bbda30, rcode=0, ttl=ttl@entry=60, speed=speed@entry=-1,
    timeout=1860, cache_data=cache_data@entry=0x7f96e592f4b0) at dns_cache.c:513
#3  0x0000000000464770 in _dns_server_request_update_cache (request=request@entry=0x7f96e5bf0050, speed=-1, qtype=DNS_T_A,
    cache_data=0x7f96e592f4b0, cache_ttl=<optimized out>) at dns_server/cache.c:167
#4  0x0000000000468abe in _dns_cache_reply_packet (context=context@entry=0x7ffd57bbdc10) at dns_server/context.c:1028
#5  0x0000000000468d22 in _dns_request_post (context=context@entry=0x7ffd57bbdc10) at dns_server/context.c:801
#6  0x0000000000431725 in _dns_server_complete_with_multi_ipaddress (request=request@entry=0x7f96e5bf0050) at dns_server/request.c:208
#7  0x0000000000431a2e in _dns_server_request_release_complete (request=request@entry=0x7f96e5bf0050, do_complete=do_complete@entry=1)
    at dns_server/request.c:239
#8  0x00000000004318b3 in _dns_server_request_release (request=request@entry=0x7f96e5bf0050) at dns_server/request.c:277
#9  0x0000000000431fbe in _dns_server_query_end (request=request@entry=0x7f96e5bf0050) at dns_server/request.c:551
#10 0x000000000042d083 in dns_server_resolve_callback (domain=0x7f96e59c82e8 "g.whatsapp.net", rtype=DNS_QUERY_END, server_info=0x0,
    packet=0x0, inpacket=0x0, inpacket_len=0, user_ptr=0x7f96e5bf0050) at dns_server/dns_server.c:196
#11 0x0000000000420282 in _dns_client_query_release (query=query@entry=0x7f96e59c82b0) at dns_client/query.c:52
#12 0x000000000042049d in _dns_client_query_remove (query=0x7f96e59c82b0) at dns_client/query.c:89
#13 0x000000000042053d in _dns_client_query_remove_all () at dns_client/query.c:108
#14 0x000000000041e1cb in dns_client_exit () at dns_client/dns_client.c:779
#15 0x000000000041637b in _smartdns_exit () at smartdns.c:720
#16 0x0000000000416bdf in smartdns_main (argc=<optimized out>, argv=0x7ffd57bc7148) at smartdns.c:1299
#17 0x000000000041409e in main (argc=<optimized out>, argv=<optimized out>) at main.c:26
(gdb) f 0
#0  0x0000000000452a36 in _dns_cache_remove_by_domain (cache_key=cache_key@entry=0x7ffd57bbd820) at dns_cache.c:376
376     in dns_cache.c
(gdb) p *cache_key
$1 = {domain = 0x7ffd57bbd890 "g.whatsapp.net", qtype = DNS_T_A, dns_group_name = 0x7ffd57bbd994 "china", query_flag = 0}
(gdb) p cache_key->domain
$2 = 0x7ffd57bbd890 "g.whatsapp.net"
(gdb) x/i $pc
=> 0x452a36 <_dns_cache_remove_by_domain+127>:  mov    (%rbx),%rbx
(gdb) info reg rbx
rbx            0x13ee25768         5349988200
(gdb) x/8gx $rbx
0x13ee25768:    Cannot access memory at address 0x13ee25768
(gdb)
```

**Comment by GreatMichaelLee** [comment]
还是一把core，后面这些都是在smartdns没有重启的时候core的。跟重启没关系。这些我都bt了一下，都是在同一行代码core的

#0  0x0000000000452a36 in _dns_cache_remove_by_domain (cache_key=cache_key@entry=0x7fff00ee7c20) at dns_cache.c:376

<img width="1836" height="432" alt="Image" src="https://github.com/user-attachments/assets/b1843894-7fde-49f1-b720-59280056bb39" />

**Comment by GreatMichaelLee** [comment]
这个有什么进展吗，需要我在提供什么debug信息否？

**Comment by pymumu** [comment]
看看最新代码

**Comment by GreatMichaelLee** [comment]
继续还是崩溃 @pymumu 
这是调试信息：
```


<https://www.gnu.org/software/gdb/bugs/>.
Find the GDB manual and other documentation resources online at:
    <http://www.gnu.org/software/gdb/documentation/>.

For help, type "help".
Type "apropos word" to search for commands related to "word"...
Reading symbols from /usr/sbin/smartdns...
[New LWP 4510]
[New LWP 4660]
[New LWP 5351]
[New LWP 5349]
[New LWP 5352]
[New LWP 5353]
[New LWP 5350]
[New LWP 5348]
[New LWP 4661]
Core was generated by `/usr/sbin/smartdns -f -c /var/etc/smartdns/smartdns.conf -S'.
Program terminated with signal SIGSEGV, Segmentation fault.
#0  0x00000000004525c6 in _dns_cache_lookup (cache_key=cache_key@entry=0x7ffc94f05f30) at dns_cache.c:242

warning: 242    dns_cache.c: No such file or directory
[Current thread is 1 (LWP 4510)]
(gdb) bt
#0  0x00000000004525c6 in _dns_cache_lookup (cache_key=cache_key@entry=0x7ffc94f05f30) at dns_cache.c:242
#1  0x0000000000452d88 in dns_cache_update_timer (key=key@entry=0x7ffc94f05f30, timeout=timeout@entry=300) at dns_cache.c:526
#2  0x0000000000464f4c in _dns_cache_try_keep_old_cache (request=request@entry=0x7f2e5a501ae0) at dns_server/cache.c:394
#3  0x0000000000468a43 in _dns_cache_reply_packet (context=context@entry=0x7ffc94f060e0) at dns_server/context.c:999
#4  0x0000000000468d22 in _dns_request_post (context=context@entry=0x7ffc94f060e0) at dns_server/context.c:801
#5  0x0000000000431725 in _dns_server_complete_with_multi_ipaddress (request=request@entry=0x7f2e5a501ae0) at dns_server/request.c:208
#6  0x0000000000431a2e in _dns_server_request_release_complete (request=request@entry=0x7f2e5a501ae0, do_complete=do_complete@entry=1) at dns_server/request.c:239
#7  0x00000000004318b3 in _dns_server_request_release (request=request@entry=0x7f2e5a501ae0) at dns_server/request.c:277
#8  0x0000000000431fbe in _dns_server_query_end (request=request@entry=0x7f2e5a501ae0) at dns_server/request.c:551
#9  0x000000000042d083 in dns_server_resolve_callback (domain=0x7f2e5a6eeab8 "90.ucp-ntfy.kaspersky-labs.com", rtype=DNS_QUERY_END, server_info=0x0, packet=0x0, inpacket=0x0, inpacket_len=0,
    user_ptr=0x7f2e5a501ae0) at dns_server/dns_server.c:196
#10 0x0000000000420282 in _dns_client_query_release (query=query@entry=0x7f2e5a6eea80) at dns_client/query.c:52
#11 0x000000000042049d in _dns_client_query_remove (query=0x7f2e5a6eea80) at dns_client/query.c:89
#12 0x000000000042053d in _dns_client_query_remove_all () at dns_client/query.c:108
#13 0x000000000041e1cb in dns_client_exit () at dns_client/dns_client.c:779
#14 0x000000000041637b in _smartdns_exit () at smartdns.c:720
#15 0x0000000000416bdf in smartdns_main (argc=<optimized out>, argv=0x7ffc94f0f618) at smartdns.c:1299
#16 0x000000000041409e in main (argc=<optimized out>, argv=<optimized out>) at main.c:26
(gdb) Quit
(gdb) frame 0
#0  0x00000000004525c6 in _dns_cache_lookup (cache_key=cache_key@entry=0x7ffc94f05f30) at dns_cache.c:242
242     in dns_cache.c
(gdb) info registers
rax            0x0                 0
rbx            0x19bd5a860         6909438048
rcx            0x20                32
rdx            0x5d40a0            6111392
rsi            0x7f2e5dad6bb0      139837116869552
rdi            0x7f2e5dad6bb0      139837116869552
rbp            0x7ffc94f05f30      0x7ffc94f05f30
rsp            0x7ffc94f05ed0      0x7ffc94f05ed0
r8             0x0                 0
r9             0x7f2e5dad6b28      139837116869416
r10            0x1                 1
r11            0x7838              30776
r12            0x7f2e5a501b50      139837060422480
r13            0x7f2e5a501ae0      139837060422368
r14            0x0                 0
r15            0x7ffc94f0f668      140722807305832
rip            0x4525c6            0x4525c6 <_dns_cache_lookup+147>
eflags         0x10206             [ PF IF RF ]
cs             0x33                51
ss             0x2b                43
ds             0x0                 0
es             0x0                 0
fs             0x0                 0
gs             0x0                 0
fs_base        0x7f2e5dad6b28      139837116869416
gs_base        0x0                 0
(gdb) x/10x $rsp
0x7ffc94f05ed0: 0x94f060e0      0x00007ffc      0x6a159fbb      0x00000000
0x7ffc94f05ee0: 0x94f06110      0x00007ffc      0x94f060e0      0x00007ffc
0x7ffc94f05ef0: 0x0000012c      0x00000000
(gdb) frame 0
#0  0x00000000004525c6 in _dns_cache_lookup (cache_key=cache_key@entry=0x7ffc94f05f30) at dns_cache.c:242
242     in dns_cache.c
(gdb) p cache_key
$1 = (struct dns_cache_key *) 0x7ffc94f05f30
(gdb) p *cache_key
$2 = {domain = 0x7f2e5a501b50 "90.ucp-ntfy.kaspersky-labs.com", qtype = DNS_T_A, dns_group_name = 0x7f2e5a501afc "", query_flag = 0}
(gdb) p cache_key->key
There is no member named key.
(gdb) frame 2
#2  0x0000000000464f4c in _dns_cache_try_keep_old_cache (request=request@entry=0x7f2e5a501ae0) at dns_server/cache.c:394
warning: 394    dns_server/cache.c: No such file or directory
(gdb) p request
$3 = (struct dns_request *) 0x7f2e5a501ae0
(gdb) p *request
$4 = {refcnt = {counter = 0}, conn = 0x7f2e5d348110, conf = 0x7f2e5dad70d0, server_flags = 0, dns_group_name = '\000' <repeats 31 times>, list = {next = 0x7f2e5a501b20, prev = 0x7f2e5a501b20},
  pending_list = {next = 0x7f2e5a501b30, prev = 0x7f2e5a501b30}, check_list = {next = 0x7f2e5a501b40, prev = 0x7f2e5a501b40}, domain = "90.ucp-ntfy.kaspersky-labs.com", '\000' <repeats 225 times>,
  original_domain = 0x0, qtype = DNS_T_A, qclass = 1, send_tick = 154035, id = 27656, rcode = 2, ss_family = 0, remote_server_fail = 0 '\000', skip_qtype_soa = 0 '\000', {in = {sin_family = 2,
      sin_port = 10832, sin_addr = {s_addr = 16777343}, sin_zero = "\000\000\000\000\000\000\000"}, in6 = {sin6_family = 2, sin6_port = 10832, sin6_flowinfo = 16777343, sin6_addr = {__in6_union = {
          __s6_addr = '\000' <repeats 15 times>, __s6_addr16 = {0, 0, 0, 0, 0, 0, 0, 0}, __s6_addr32 = {0, 0, 0, 0}}}, sin6_scope_id = 0}, addr = {sa_family = 2,
      sa_data = "P*\177\000\000\001\000\000\000\000\000\000\000"}}, addr_len = 16, localaddr = {ss_family = 2,
    __ss_padding = "\000\000\177\000\000\001\212\217\035\000\201\201\001", '\000' <repeats 104 times>, __ss_align = 0}, mac = "\000\000\000\000\000", has_ecs = 0, ecs = {family = 0,
    source_prefix = 0 '\000', scope_prefix = 0 '\000', addr = '\000' <repeats 15 times>}, edns0_do = 0, https_svcb_list = {next = 0x7f2e5a501d38, prev = 0x7f2e5a501d38}, result_callback = 0x0,
  user_ptr = 0x0, has_ping_result = 1, has_ping_tcp = 0, has_ptr = 0, ptr_hostname = '\000' <repeats 255 times>, has_cname = 0, cname = '\000' <repeats 255 times>, ttl_cname = 0, has_ip = 0,
  ping_time = -1, ip_ttl = 3, ip_addr = '\000' <repeats 15 times>, ip_addr_type = 0, soa = {mname = '\000' <repeats 255 times>, rname = '\000' <repeats 255 times>, serial = 0, refresh = 0, retry = 0,
    expire = 0, minimum = 0}, has_soa = 0, force_soa = 0, is_mdns_lookup = 0, is_cache_reply = 0, srv_list = {next = 0x7f2e5a5021b0, prev = 0x7f2e5a5021b0}, notified = {counter = 3}, do_callback = {
    counter = 0}, adblock = {counter = 0}, soa_num = {counter = 0}, plugin_complete_called = {counter = 0}, passthrough = 0, request_wait = 0, prefetch = 0, prefetch_flags = 0, dualstack_selection = 0,
  dualstack_selection_force_soa = 0, dualstack_selection_query = 0, dualstack_selection_ping_time = -1, dualstack_selection_has_ip = 0, dualstack_request = 0x0, no_serve_expired = 0, ip_map_lock = {__u = {
      __i = {0, 0, 0, 0, 0, 0, 0, 0, 0, 0}, __vi = {0, 0, 0, 0, 0, 0, 0, 0, 0, 0}, __p = {0x0, 0x0, 0x0, 0x0, 0x0}}}, child_request = 0x0, parent_request = 0x0, child_callback = 0x0, ip_map_num = {
    counter = 0}, ip_map = {{first = 0x0} <repeats 16 times>}, domain_rule = {flags = 0, rules = {0x0, 0x0, 0x0, 0x7f2e5c4635d0, 0x0 <repeats 12 times>}, is_sub_rule = {0, 0, 0, 1, 0 <repeats 12 times>}},
  skip_domain_rule = 1, check_order_list = 0x7f2e5dad71e8, check_order = 0, response_mode = DNS_RESPONSE_MODE_FASTEST_IP, request_pending_list = 0x0, no_select_possible_ip = 0, no_cache_cname = 0,
  no_cache = 0, no_ipalias = 0, has_cname_loop = 0, private_data = 0x0, query_timestamp = 1779802043254, query_time = 175}
(gdb) p request->entry
There is no member named entry.
(gdb) p *(request->entry)
There is no member named entry.
(gdb) frame 1
#1  0x0000000000452d88 in dns_cache_update_timer (key=key@entry=0x7ffc94f05f30, timeout=timeout@entry=300) at dns_cache.c:526
warning: 526    dns_cache.c: No such file or directory
(gdb) p key
$5 = (struct dns_cache_key *) 0x7ffc94f05f30
(gdb) p *key
$6 = {domain = 0x7f2e5a501b50 "90.ucp-ntfy.kaspersky-labs.com", qtype = DNS_T_A, dns_group_name = 0x7f2e5a501afc "", query_flag = 0}
(gdb) p timeout
$7 = 300
(gdb) p *timeout
Cannot access memory at address 0x12c
(gdb)
Cannot access memory at address 0x12c
(gdb) frame 0
#0  0x00000000004525c6 in _dns_cache_lookup (cache_key=cache_key@entry=0x7ffc94f05f30) at dns_cache.c:242
242     in dns_cache.c
(gdb) disassemble 0x4525a0,0x4525e0
Dump of assembler code from 0x4525a0 to 0x4525e0:
   0x00000000004525a0 <_dns_cache_lookup+109>:  pop    %rbp
   0x00000000004525a1 <_dns_cache_lookup+110>:  add    %bh,%bh
   0x00000000004525a3 <_dns_cache_lookup+112>:  adc    $0x41350,%eax
   0x00000000004525a8 <_dns_cache_lookup+117>:  imul   $0x61c88647,%ebx,%ebx
   0x00000000004525ae <_dns_cache_lookup+123>:  mov    $0x20,%ecx
   0x00000000004525b3 <_dns_cache_lookup+128>:  sub    0x181aaf(%rip),%ecx        # 0x5d4068 <dns_cache_head+8>
   0x00000000004525b9 <_dns_cache_lookup+134>:  shr    %cl,%ebx
   0x00000000004525bb <_dns_cache_lookup+136>:  shl    $0x3,%rbx
   0x00000000004525bf <_dns_cache_lookup+140>:  add    0x181a9a(%rip),%rbx        # 0x5d4060 <dns_cache_head>
=> 0x00000000004525c6 <_dns_cache_lookup+147>:  mov    (%rbx),%rbx
   0x00000000004525c9 <_dns_cache_lookup+150>:  jmp    0x4525ce <_dns_cache_lookup+155>
   0x00000000004525cb <_dns_cache_lookup+152>:  mov    (%rbx),%rbx
   0x00000000004525ce <_dns_cache_lookup+155>:  test   %rbx,%rbx
   0x00000000004525d1 <_dns_cache_lookup+158>:  je     0x45261a <_dns_cache_lookup+231>
   0x00000000004525d3 <_dns_cache_lookup+160>:  mov    0x8(%rbp),%eax
   0x00000000004525d6 <_dns_cache_lookup+163>:  cmp    %eax,0x138(%rbx)
   0x00000000004525dc <_dns_cache_lookup+169>:  jne    0x4525cb <_dns_cache_lookup+152>
   0x00000000004525de <_dns_cache_lookup+171>:  lea    0x38(%rbx),%rsi
End of assembler dump.
(gdb)
Dump of assembler code from 0x4525a0 to 0x4525e0:
   0x00000000004525a0 <_dns_cache_lookup+109>:  pop    %rbp
   0x00000000004525a1 <_dns_cache_lookup+110>:  add    %bh,%bh
   0x00000000004525a3 <_dns_cache_lookup+112>:  adc    $0x41350,%eax
   0x00000000004525a8 <_dns_cache_lookup+117>:  imul   $0x61c88647,%ebx,%ebx
   0x00000000004525ae <_dns_cache_lookup+123>:  mov    $0x20,%ecx
   0x00000000004525b3 <_dns_cache_lookup+128>:  sub    0x181aaf(%rip),%ecx        # 0x5d4068 <dns_cache_head+8>
   0x00000000004525b9 <_dns_cache_lookup+134>:  shr    %cl,%ebx
   0x00000000004525bb <_dns_cache_lookup+136>:  shl    $0x3,%rbx
   0x00000000004525bf <_dns_cache_lookup+140>:  add    0x181a9a(%rip),%rbx        # 0x5d4060 <dns_cache_head>
=> 0x00000000004525c6 <_dns_cache_lookup+147>:  mov    (%rbx),%rbx
   0x00000000004525c9 <_dns_cache_lookup+150>:  jmp    0x4525ce <_dns_cache_lookup+155>
   0x00000000004525cb <_dns_cache_lookup+152>:  mov    (%rbx),%rbx
   0x00000000004525ce <_dns_cache_lookup+155>:  test   %rbx,%rbx
   0x00000000004525d1 <_dns_cache_lookup+158>:  je     0x45261a <_dns_cache_lookup+231>
   0x00000000004525d3 <_dns_cache_lookup+160>:  mov    0x8(%rbp),%eax
   0x00000000004525d6 <_dns_cache_lookup+163>:  cmp    %eax,0x138(%rbx)
   0x00000000004525dc <_dns_cache_lookup+169>:  jne    0x4525cb <_dns_cache_lookup+152>
   0x00000000004525de <_dns_cache_lookup+171>:  lea    0x38(%rbx),%rsi
End of assembler dump.
(gdb) x/2gx 0x5d4060
0x5d4060 <dns_cache_head>:      0x0000000000000000      0x0000000000000000
(gdb)
0x5d4070 <dns_cache_head+16>:   0x00000000005d4070      0x00000000005d4070
(gdb) frame 13
#13 0x000000000041e1cb in dns_client_exit () at dns_client/dns_client.c:779
warning: 779    dns_client/dns_client.c: No such file or directory
(gdb) disassemble
Dump of assembler code for function dns_client_exit:
   0x000000000041e160 <+0>:     cmpl   $0x0,0x7adc9(%rip)        # 0x498f30 <is_client_init>
   0x000000000041e167 <+7>:     je     0x41e230 <dns_client_exit+208>
   0x000000000041e16d <+13>:    sub    $0x18,%rsp
   0x000000000041e171 <+17>:    cmpq   $0x0,0x7aa67(%rip)        # 0x498be0 <client>
   0x000000000041e179 <+25>:    je     0x41e1b3 <dns_client_exit+83>
   0x000000000041e17b <+27>:    movq   $0x0,0x8(%rsp)
   0x000000000041e184 <+36>:    mov    $0x0,%eax
   0x000000000041e189 <+41>:    xchg   %rax,0x7aa58(%rip)        # 0x498be8 <client+8>
   0x000000000041e190 <+48>:    addr32 call 0x42213b <_dns_client_do_wakeup_event>
   0x000000000041e196 <+54>:    lea    0x8(%rsp),%rsi
   0x000000000041e19b <+59>:    mov    0x7aa3e(%rip),%rdi        # 0x498be0 <client>
   0x000000000041e1a2 <+66>:    call   *0x75e38(%rip)        # 0x493fe0
   0x000000000041e1a8 <+72>:    movq   $0x0,0x7aa2d(%rip)        # 0x498be0 <client>
   0x000000000041e1b3 <+83>:    addr32 call 0x4220eb <_dns_client_close_wakeup_event>
   0x000000000041e1b9 <+89>:    addr32 call 0x41f847 <_dns_client_remove_all_pending_servers>
   0x000000000041e1bf <+95>:    addr32 call 0x421ee2 <_dns_client_server_remove_all>
   0x000000000041e1c5 <+101>:   addr32 call 0x42049f <_dns_client_query_remove_all>
=> 0x000000000041e1cb <+107>:   addr32 call 0x41e74c <_dns_client_group_remove_all>
   0x000000000041e1d1 <+113>:   mov    $0x498bf8,%edi
   0x000000000041e1d6 <+118>:   call   *0x75864(%rip)        # 0x493a40
   0x000000000041e1dc <+124>:   mov    $0x498c78,%edi
   0x000000000041e1e1 <+129>:   call   *0x75859(%rip)        # 0x493a40
   0x000000000041e1e7 <+135>:   mov    0x7aa4a(%rip),%rdi        # 0x498c38 <client+88>
   0x000000000041e1ee <+142>:   test   %rdi,%rdi
   0x000000000041e1f1 <+145>:   je     0x41e204 <dns_client_exit+164>
   0x000000000041e1f3 <+147>:   call   *0x75677(%rip)        # 0x493870
   0x000000000041e1f9 <+153>:   movq   $0x0,0x7aa34(%rip)        # 0x498c38 <client+88>
   0x000000000041e204 <+164>:   mov    0x7aa35(%rip),%rdi        # 0x498c40 <client+96>
   0x000000000041e20b <+171>:   test   %rdi,%rdi
   0x000000000041e20e <+174>:   je     0x41e221 <dns_client_exit+193>
   0x000000000041e210 <+176>:   call   *0x7565a(%rip)        # 0x493870
   0x000000000041e216 <+182>:   movq   $0x0,0x7aa1f(%rip)        # 0x498c40 <client+96>
   0x000000000041e221 <+193>:   movl   $0x0,0x7ad05(%rip)        # 0x498f30 <is_client_init>
   0x000000000041e22b <+203>:   add    $0x18,%rsp
   0x000000000041e22f <+207>:   ret
   0x000000000041e230 <+208>:   ret
End of assembler dump.
(gdb)
Dump of assembler code for function dns_client_exit:
   0x000000000041e160 <+0>:     cmpl   $0x0,0x7adc9(%rip)        # 0x498f30 <is_client_init>
   0x000000000041e167 <+7>:     je     0x41e230 <dns_client_exit+208>
   0x000000000041e16d <+13>:    sub    $0x18,%rsp
   0x000000000041e171 <+17>:    cmpq   $0x0,0x7aa67(%rip)        # 0x498be0 <client>
   0x000000000041e179 <+25>:    je     0x41e1b3 <dns_client_exit+83>
   0x000000000041e17b <+27>:    movq   $0x0,0x8(%rsp)
   0x000000000041e184 <+36>:    mov    $0x0,%eax
   0x000000000041e189 <+41>:    xchg   %rax,0x7aa58(%rip)        # 0x498be8 <client+8>
   0x000000000041e190 <+48>:    addr32 call 0x42213b <_dns_client_do_wakeup_event>
   0x000000000041e196 <+54>:    lea    0x8(%rsp),%rsi
   0x000000000041e19b <+59>:    mov    0x7aa3e(%rip),%rdi        # 0x498be0 <client>
   0x000000000041e1a2 <+66>:    call   *0x75e38(%rip)        # 0x493fe0
   0x000000000041e1a8 <+72>:    movq   $0x0,0x7aa2d(%rip)        # 0x498be0 <client>
   0x000000000041e1b3 <+83>:    addr32 call 0x4220eb <_dns_client_close_wakeup_event>
   0x000000000041e1b9 <+89>:    addr32 call 0x41f847 <_dns_client_remove_all_pending_servers>
   0x000000000041e1bf <+95>:    addr32 call 0x421ee2 <_dns_client_server_remove_all>
   0x000000000041e1c5 <+101>:   addr32 call 0x42049f <_dns_client_query_remove_all>
=> 0x000000000041e1cb <+107>:   addr32 call 0x41e74c <_dns_client_group_remove_all>
   0x000000000041e1d1 <+113>:   mov    $0x498bf8,%edi
   0x000000000041e1d6 <+118>:   call   *0x75864(%rip)        # 0x493a40
   0x000000000041e1dc <+124>:   mov    $0x498c78,%edi
   0x000000000041e1e1 <+129>:   call   *0x75859(%rip)        # 0x493a40
   0x000000000041e1e7 <+135>:   mov    0x7aa4a(%rip),%rdi        # 0x498c38 <client+88>
   0x000000000041e1ee <+142>:   test   %rdi,%rdi
   0x000000000041e1f1 <+145>:   je     0x41e204 <dns_client_exit+164>
   0x000000000041e1f3 <+147>:   call   *0x75677(%rip)        # 0x493870
   0x000000000041e1f9 <+153>:   movq   $0x0,0x7aa34(%rip)        # 0x498c38 <client+88>
   0x000000000041e204 <+164>:   mov    0x7aa35(%rip),%rdi        # 0x498c40 <client+96>
   0x000000000041e20b <+171>:   test   %rdi,%rdi
   0x000000000041e20e <+174>:   je     0x41e221 <dns_client_exit+193>
   0x000000000041e210 <+176>:   call   *0x7565a(%rip)        # 0x493870
   0x000000000041e216 <+182>:   movq   $0x0,0x7aa1f(%rip)        # 0x498c40 <client+96>
   0x000000000041e221 <+193>:   movl   $0x0,0x7ad05(%rip)        # 0x498f30 <is_client_init>
   0x000000000041e22b <+203>:   add    $0x18,%rsp
   0x000000000041e22f <+207>:   ret
   0x000000000041e230 <+208>:   ret
End of assembler dump.
(gdb)

```

这是AI给的分析：

<img width="1283" height="2605" alt="Image" src="https://github.com/user-attachments/assets/6828be59-b9ad-4eb4-a857-c533e4585cfb" />

**Comment by GreatMichaelLee** [comment]
最近被这个一系列崩溃搞到折腾死了，这些链表的引用和释放，能否麻烦在各种调用的顺序上，系统的梳理一遍，指针该断言的断言，节点访问该互斥的互斥，原子操作该锁的锁一下？感觉头痛医头。。人也要崩溃了。

**Comment by pymumu** [comment]
为什么你要不停重启程序？

**Comment by pymumu** [comment]
又改了一下，你在看看吧。

**Comment by GreatMichaelLee** [comment]
> 为什么你要不停重启程序？

因为我会不停的重启软路由啊...-_-! 而且每天会脚本更新domain rules，cron会restart

**Comment by GreatMichaelLee** [comment]
貌似修好了，可以关了，谢谢
